#
# There is insufficient memory for the Java Runtime Environment to continue.
# Native memory allocation (mmap) failed to map 17179869184 bytes. Error detail: committing reserved memory.
# Possible reasons:
#   The system is out of physical RAM or swap space
#   This process is running with CompressedOops enabled, and the Java Heap may be blocking the growth of the native heap
# Possible solutions:
#   Reduce memory load on the system
#   Increase physical memory or swap space
#   Check if swap backing store is full
#   Decrease Java heap size (-Xmx/-Xms)
#   Decrease number of Java threads
#   Decrease Java thread stack sizes (-Xss)
#   Set larger code cache with -XX:ReservedCodeCacheSize=
#   JVM is running with Zero Based Compressed Oops mode in which the Java heap is
#     placed in the first 32GB address space. The Java Heap base address is the
#     maximum limit for the native heap growth. Please use -XX:HeapBaseMinAddress
#     to set the Java Heap base and to place the Java Heap above 32GB virtual address.
# This output file may be truncated or incomplete.
#
#  Out of Memory Error (os_linux.cpp:2832), pid=2859, tid=2860
#
# JRE version:  (17.0.16+8) (build )
# Java VM: OpenJDK 64-Bit Server VM (17.0.16+8, mixed mode, sharing, tiered, compressed oops, compressed class ptrs, g1 gc, linux-amd64)
# Core dump will be written. Default location: Core dumps may be processed with "/usr/share/apport/apport -p%p -s%s -c%c -d%d -P%P -u%u -g%g -F%F -- %E" (or dumping to /workspaces/mc-home/core.2859)
#

---------------  S U M M A R Y ------------

Command Line: -Dlog4j2.formatMsgNoLookups=true -Xmx16G -Xms16G fabric-server-launcher.jar nogui

Host: AMD EPYC 7763 64-Core Processor, 4 cores, 15G, Ubuntu 24.04.3 LTS
Time: Mon Nov 17 09:10:08 2025 UTC elapsed time: 0.004249 seconds (0d 0h 0m 0s)

---------------  T H R E A D  ---------------

Current thread (0x00007e34d4029820):  JavaThread "Unknown thread" [_thread_in_vm, id=2860, stack(0x00007e34db086000,0x00007e34db186000)]

Stack: [0x00007e34db086000,0x00007e34db186000],  sp=0x00007e34db1843b0,  free space=1016k
Native frames: (J=compiled Java code, j=interpreted, Vv=VM code, C=native code)
V  [libjvm.so+0xee9781]  VMError::report_and_die(int, char const*, char const*, __va_list_tag*, Thread*, unsigned char*, void*, void*, char const*, int, unsigned long)+0x1a1
V  [libjvm.so+0xeea36d]  VMError::report_and_die(Thread*, char const*, int, unsigned long, VMErrorType, char const*, __va_list_tag*)+0x2d
V  [libjvm.so+0x6093ac]  report_vm_out_of_memory(char const*, int, unsigned long, VMErrorType, char const*, ...)+0xdc
V  [libjvm.so+0xc26c28]  os::pd_commit_memory_or_exit(char*, unsigned long, unsigned long, bool, char const*)+0xd8
V  [libjvm.so+0xc2062d]  os::commit_memory_or_exit(char*, unsigned long, unsigned long, bool, char const*)+0x1d
V  [libjvm.so+0x73782e]  G1PageBasedVirtualSpace::commit(unsigned long, unsigned long)+0x18e
V  [libjvm.so+0x74c0f1]  G1RegionsLargerThanCommitSizeMapper::commit_regions(unsigned int, unsigned long, WorkGang*)+0x1a1
V  [libjvm.so+0x7de5a8]  HeapRegionManager::commit_regions(unsigned int, unsigned long, WorkGang*)+0x58
V  [libjvm.so+0x7e03f2]  HeapRegionManager::expand(unsigned int, unsigned int, WorkGang*)+0x32
V  [libjvm.so+0x7e061e]  HeapRegionManager::expand_by(unsigned int, WorkGang*)+0x7e
V  [libjvm.so+0x6f114f]  G1CollectedHeap::expand(unsigned long, WorkGang*, double*)+0xef
V  [libjvm.so+0x6f18ff]  G1CollectedHeap::initialize()+0x72f
V  [libjvm.so+0xe97b86]  universe_init()+0xd6
V  [libjvm.so+0x800e17]  init_globals()+0x37
V  [libjvm.so+0xe6dfdf]  Threads::create_vm(JavaVMInitArgs*, bool*)+0x36f
V  [libjvm.so+0x8c016f]  JNI_CreateJavaVM+0x4f
C  [libjli.so+0x9c6f]  JavaMain+0x8f
C  [libjli.so+0xdf99]  ThreadJavaMain+0x9
C  [libc.so.6+0x9caa4]


---------------  P R O C E S S  ---------------

Threads class SMR info:
_java_thread_list=0x00007e34dc5bc4e0, length=0, elements={
}

Java Threads: ( => current thread )

Other Threads:
  0x00007e34d40593d0 GCTaskThread "GC Thread#0" [stack: 0x00007e34da847000,0x00007e34da947000] [id=2861]
  0x00007e34d406a9c0 ConcurrentGCThread "G1 Main Marker" [stack: 0x00007e34d8700000,0x00007e34d8800000] [id=2862]
  0x00007e34d406b930 ConcurrentGCThread "G1 Conc#0" [stack: 0x00007e34d85ff000,0x00007e34d86ff000] [id=2863]

[error occurred during error reporting (printing all threads), id 0xb, SIGSEGV (0xb) at pc=0x00007e34db97dd20]

VM state: not at safepoint (not fully initialized)

VM Mutex/Monitor currently owned by a thread:  ([mutex/lock_event])
[0x00007e34d4027190] Heap_lock - owner thread: 0x00007e34d4029820

Heap address: 0x0000000400000000, size: 16384 MB, Compressed Oops mode: Zero based, Oop shift amount: 3

CDS archive(s) mapped at: [0x0000000000000000-0x0000000000000000-0x0000000000000000), size 0, SharedBaseAddress: 0x0000000800000000, ArchiveRelocationMode: 1.
Narrow klass base: 0x0000000000000000, Narrow klass shift: 0, Narrow klass range: 0x0

GC Precious Log:
<Empty>

Heap:
 garbage-first heap   total 0K, used 0K [0x0000000400000000, 0x0000000800000000)
  region size 8192K, 0 young (0K), 0 survivors (0K)

[error occurred during error reporting (printing heap information), id 0xb, SIGSEGV (0xb) at pc=0x00007e34dbf43cca]

GC Heap History (0 events):
No events

Dll operation events (1 events):
Event: 0.001 Loaded shared library /home/codespace/.jabba/jdk/temurin@17.0.16/lib/libjava.so

Deoptimization events (0 events):
No events

Classes loaded (0 events):
No events

Classes unloaded (0 events):
No events

Classes redefined (0 events):
No events

Internal exceptions (0 events):
No events

VM Operations (0 events):
No events

Memory protections (1 events):
Event: 0.001 Protecting memory [0x00007e34db086000,0x00007e34db08a000] with protection modes 0

Nmethod flushes (0 events):
No events

Events (0 events):
No events


Dynamic libraries:
55dc7e3d2000-55dc7e3d3000 r--p 00000000 00:2e 825434                     /home/codespace/.jabba/jdk/temurin@17.0.16/bin/java
55dc7e3d3000-55dc7e3d4000 r-xp 00001000 00:2e 825434                     /home/codespace/.jabba/jdk/temurin@17.0.16/bin/java
55dc7e3d4000-55dc7e3d5000 r--p 00002000 00:2e 825434                     /home/codespace/.jabba/jdk/temurin@17.0.16/bin/java
55dc7e3d5000-55dc7e3d6000 r--p 00002000 00:2e 825434                     /home/codespace/.jabba/jdk/temurin@17.0.16/bin/java
55dc7e3d6000-55dc7e3d7000 rw-p 00003000 00:2e 825434                     /home/codespace/.jabba/jdk/temurin@17.0.16/bin/java
55dc8c0e7000-55dc8c12f000 rw-p 00000000 00:00 0                          [heap]
7e348a000000-7e348c021000 rw-p 00000000 00:00 0 
7e348c021000-7e3490000000 ---p 00000000 00:00 0 
7e3490000000-7e3490021000 rw-p 00000000 00:00 0 
7e3490021000-7e3494000000 ---p 00000000 00:00 0 
7e3494000000-7e3494021000 rw-p 00000000 00:00 0 
7e3494021000-7e3498000000 ---p 00000000 00:00 0 
7e3498f6e000-7e3499200000 rw-p 00000000 00:00 0 
7e3499200000-7e34bd200000 ---p 00000000 00:00 0 
7e34bd200000-7e34bd470000 rwxp 00000000 00:00 0 
7e34bd470000-7e34c4737000 ---p 00000000 00:00 0 
7e34c4737000-7e34c49a7000 rwxp 00000000 00:00 0 
7e34c49a7000-7e34c4cc8000 ---p 00000000 00:00 0 
7e34c4cc8000-7e34c4f38000 rwxp 00000000 00:00 0 
7e34c4f38000-7e34cc200000 ---p 00000000 00:00 0 
7e34cc3fc000-7e34d4000000 r--s 00000000 00:2e 825289                     /home/codespace/.jabba/jdk/temurin@17.0.16/lib/modules
7e34d4000000-7e34d40a6000 rw-p 00000000 00:00 0 
7e34d40a6000-7e34d8000000 ---p 00000000 00:00 0 
7e34d80a4000-7e34d85fe000 rw-p 00000000 00:00 0 
7e34d85fe000-7e34d85ff000 ---p 00000000 00:00 0 
7e34d85ff000-7e34d86ff000 rw-p 00000000 00:00 0 
7e34d86ff000-7e34d8700000 ---p 00000000 00:00 0 
7e34d8700000-7e34d8800000 rw-p 00000000 00:00 0 
7e34d8800000-7e34da800000 ---p 00000000 00:00 0 
7e34da846000-7e34da847000 ---p 00000000 00:00 0 
7e34da847000-7e34da947000 rw-p 00000000 00:00 0 
7e34da947000-7e34dae57000 rw-p 00000000 00:00 0 
7e34dae57000-7e34daf3d000 ---p 00000000 00:00 0 
7e34daf3d000-7e34daf42000 rw-p 00000000 00:00 0 
7e34daf42000-7e34db028000 ---p 00000000 00:00 0 
7e34db028000-7e34db02d000 rw-p 00000000 00:00 0 
7e34db02d000-7e34db034000 ---p 00000000 00:00 0 
7e34db034000-7e34db042000 r--p 00000000 00:2e 825316                     /home/codespace/.jabba/jdk/temurin@17.0.16/lib/libjava.so
7e34db042000-7e34db054000 r-xp 0000e000 00:2e 825316                     /home/codespace/.jabba/jdk/temurin@17.0.16/lib/libjava.so
7e34db054000-7e34db05a000 r--p 00020000 00:2e 825316                     /home/codespace/.jabba/jdk/temurin@17.0.16/lib/libjava.so
7e34db05a000-7e34db05b000 ---p 00026000 00:2e 825316                     /home/codespace/.jabba/jdk/temurin@17.0.16/lib/libjava.so
7e34db05b000-7e34db05c000 r--p 00026000 00:2e 825316                     /home/codespace/.jabba/jdk/temurin@17.0.16/lib/libjava.so
7e34db05c000-7e34db05d000 rw-p 00027000 00:2e 825316                     /home/codespace/.jabba/jdk/temurin@17.0.16/lib/libjava.so
7e34db05d000-7e34db05e000 rw-p 00000000 00:00 0 
7e34db05e000-7e34db066000 rw-s 00000000 08:11 2621451                    /tmp/hsperfdata_codespace/2859
7e34db066000-7e34db06a000 r--p 00000000 00:2e 825291                     /home/codespace/.jabba/jdk/temurin@17.0.16/lib/libjimage.so
7e34db06a000-7e34db07d000 r-xp 00004000 00:2e 825291                     /home/codespace/.jabba/jdk/temurin@17.0.16/lib/libjimage.so
7e34db07d000-7e34db083000 r--p 00017000 00:2e 825291                     /home/codespace/.jabba/jdk/temurin@17.0.16/lib/libjimage.so
7e34db083000-7e34db085000 r--p 0001c000 00:2e 825291                     /home/codespace/.jabba/jdk/temurin@17.0.16/lib/libjimage.so
7e34db085000-7e34db086000 rw-p 0001e000 00:2e 825291                     /home/codespace/.jabba/jdk/temurin@17.0.16/lib/libjimage.so
7e34db086000-7e34db08a000 ---p 00000000 00:00 0 
7e34db08a000-7e34db186000 rw-p 00000000 00:00 0 
7e34db186000-7e34db196000 r--p 00000000 00:2e 787374                     /usr/lib/x86_64-linux-gnu/libm.so.6
7e34db196000-7e34db215000 r-xp 00010000 00:2e 787374                     /usr/lib/x86_64-linux-gnu/libm.so.6
7e34db215000-7e34db26d000 r--p 0008f000 00:2e 787374                     /usr/lib/x86_64-linux-gnu/libm.so.6
7e34db26d000-7e34db26e000 r--p 000e7000 00:2e 787374                     /usr/lib/x86_64-linux-gnu/libm.so.6
7e34db26e000-7e34db26f000 rw-p 000e8000 00:2e 787374                     /usr/lib/x86_64-linux-gnu/libm.so.6
7e34db26f000-7e34db270000 r--p 00000000 00:2e 787413                     /usr/lib/x86_64-linux-gnu/librt.so.1
7e34db270000-7e34db271000 r-xp 00001000 00:2e 787413                     /usr/lib/x86_64-linux-gnu/librt.so.1
7e34db271000-7e34db272000 r--p 00002000 00:2e 787413                     /usr/lib/x86_64-linux-gnu/librt.so.1
7e34db272000-7e34db273000 r--p 00002000 00:2e 787413                     /usr/lib/x86_64-linux-gnu/librt.so.1
7e34db273000-7e34db274000 rw-p 00003000 00:2e 787413                     /usr/lib/x86_64-linux-gnu/librt.so.1
7e34db274000-7e34db4c7000 r--p 00000000 00:2e 825280                     /home/codespace/.jabba/jdk/temurin@17.0.16/lib/server/libjvm.so
7e34db4c7000-7e34dc1f0000 r-xp 00253000 00:2e 825280                     /home/codespace/.jabba/jdk/temurin@17.0.16/lib/server/libjvm.so
7e34dc1f0000-7e34dc47d000 r--p 00f7c000 00:2e 825280                     /home/codespace/.jabba/jdk/temurin@17.0.16/lib/server/libjvm.so
7e34dc47d000-7e34dc47e000 ---p 01209000 00:2e 825280                     /home/codespace/.jabba/jdk/temurin@17.0.16/lib/server/libjvm.so
7e34dc47e000-7e34dc537000 r--p 01209000 00:2e 825280                     /home/codespace/.jabba/jdk/temurin@17.0.16/lib/server/libjvm.so
7e34dc537000-7e34dc56c000 rw-p 012c2000 00:2e 825280                     /home/codespace/.jabba/jdk/temurin@17.0.16/lib/server/libjvm.so
7e34dc56c000-7e34dc5c9000 rw-p 00000000 00:00 0 
7e34dc5c9000-7e34dc5f1000 r--p 00000000 00:2e 787332                     /usr/lib/x86_64-linux-gnu/libc.so.6
7e34dc5f1000-7e34dc779000 r-xp 00028000 00:2e 787332                     /usr/lib/x86_64-linux-gnu/libc.so.6
7e34dc779000-7e34dc7c8000 r--p 001b0000 00:2e 787332                     /usr/lib/x86_64-linux-gnu/libc.so.6
7e34dc7c8000-7e34dc7cc000 r--p 001fe000 00:2e 787332                     /usr/lib/x86_64-linux-gnu/libc.so.6
7e34dc7cc000-7e34dc7ce000 rw-p 00202000 00:2e 787332                     /usr/lib/x86_64-linux-gnu/libc.so.6
7e34dc7ce000-7e34dc7db000 rw-p 00000000 00:00 0 
7e34dc7db000-7e34dc7dc000 r--p 00000000 00:2e 787346                     /usr/lib/x86_64-linux-gnu/libdl.so.2
7e34dc7dc000-7e34dc7dd000 r-xp 00001000 00:2e 787346                     /usr/lib/x86_64-linux-gnu/libdl.so.2
7e34dc7dd000-7e34dc7de000 r--p 00002000 00:2e 787346                     /usr/lib/x86_64-linux-gnu/libdl.so.2
7e34dc7de000-7e34dc7df000 r--p 00002000 00:2e 787346                     /usr/lib/x86_64-linux-gnu/libdl.so.2
7e34dc7df000-7e34dc7e0000 rw-p 00003000 00:2e 787346                     /usr/lib/x86_64-linux-gnu/libdl.so.2
7e34dc7e0000-7e34dc7e1000 r--p 00000000 00:2e 787411                     /usr/lib/x86_64-linux-gnu/libpthread.so.0
7e34dc7e1000-7e34dc7e2000 r-xp 00001000 00:2e 787411                     /usr/lib/x86_64-linux-gnu/libpthread.so.0
7e34dc7e2000-7e34dc7e3000 r--p 00002000 00:2e 787411                     /usr/lib/x86_64-linux-gnu/libpthread.so.0
7e34dc7e3000-7e34dc7e4000 r--p 00002000 00:2e 787411                     /usr/lib/x86_64-linux-gnu/libpthread.so.0
7e34dc7e4000-7e34dc7e5000 rw-p 00003000 00:2e 787411                     /usr/lib/x86_64-linux-gnu/libpthread.so.0
7e34dc7e9000-7e34dc7ea000 ---p 00000000 00:00 0 
7e34dc7ea000-7e34dc7eb000 r--p 00000000 00:00 0 
7e34dc7eb000-7e34dc7ec000 ---p 00000000 00:00 0 
7e34dc7ec000-7e34dc7ef000 r--p 00000000 00:2e 825317                     /home/codespace/.jabba/jdk/temurin@17.0.16/lib/libjli.so
7e34dc7ef000-7e34dc7ff000 r-xp 00003000 00:2e 825317                     /home/codespace/.jabba/jdk/temurin@17.0.16/lib/libjli.so
7e34dc7ff000-7e34dc806000 r--p 00013000 00:2e 825317                     /home/codespace/.jabba/jdk/temurin@17.0.16/lib/libjli.so
7e34dc806000-7e34dc807000 r--p 00019000 00:2e 825317                     /home/codespace/.jabba/jdk/temurin@17.0.16/lib/libjli.so
7e34dc807000-7e34dc808000 rw-p 0001a000 00:2e 825317                     /home/codespace/.jabba/jdk/temurin@17.0.16/lib/libjli.so
7e34dc808000-7e34dc80a000 rw-p 00000000 00:00 0 
7e34dc80a000-7e34dc80b000 r--p 00000000 00:2e 787312                     /usr/lib/x86_64-linux-gnu/ld-linux-x86-64.so.2
7e34dc80b000-7e34dc836000 r-xp 00001000 00:2e 787312                     /usr/lib/x86_64-linux-gnu/ld-linux-x86-64.so.2
7e34dc836000-7e34dc840000 r--p 0002c000 00:2e 787312                     /usr/lib/x86_64-linux-gnu/ld-linux-x86-64.so.2
7e34dc840000-7e34dc842000 r--p 00036000 00:2e 787312                     /usr/lib/x86_64-linux-gnu/ld-linux-x86-64.so.2
7e34dc842000-7e34dc844000 rw-p 00038000 00:2e 787312                     /usr/lib/x86_64-linux-gnu/ld-linux-x86-64.so.2
7fffd9d25000-7fffd9d47000 rw-p 00000000 00:00 0                          [stack]
7fffd9db5000-7fffd9db9000 r--p 00000000 00:00 0                          [vvar]
7fffd9db9000-7fffd9dbb000 r-xp 00000000 00:00 0                          [vdso]
ffffffffff600000-ffffffffff601000 --xp 00000000 00:00 0                  [vsyscall]


VM Arguments:
jvm_args: -Dlog4j2.formatMsgNoLookups=true -Xmx16G -Xms16G 
java_command: fabric-server-launcher.jar nogui
java_class_path (initial): fabric-server-launcher.jar
Launcher Type: SUN_STANDARD

[Global flags]
     intx CICompilerCount                          = 3                                         {product} {ergonomic}
     uint ConcGCThreads                            = 1                                         {product} {ergonomic}
     uint G1ConcRefinementThreads                  = 4                                         {product} {ergonomic}
   size_t G1HeapRegionSize                         = 8388608                                   {product} {ergonomic}
    uintx GCDrainStackTargetSize                   = 64                                        {product} {ergonomic}
   size_t InitialHeapSize                          = 17179869184                               {product} {command line}
   size_t MarkStackSize                            = 4194304                                   {product} {ergonomic}
   size_t MaxHeapSize                              = 17179869184                               {product} {command line}
   size_t MinHeapDeltaBytes                        = 8388608                                   {product} {ergonomic}
   size_t MinHeapSize                              = 17179869184                               {product} {command line}
    uintx NonNMethodCodeHeapSize                   = 5832780                                {pd product} {ergonomic}
    uintx NonProfiledCodeHeapSize                  = 122912730                              {pd product} {ergonomic}
    uintx ProfiledCodeHeapSize                     = 122912730                              {pd product} {ergonomic}
    uintx ReservedCodeCacheSize                    = 251658240                              {pd product} {ergonomic}
     bool SegmentedCodeCache                       = true                                      {product} {ergonomic}
   size_t SoftMaxHeapSize                          = 17179869184                            {manageable} {ergonomic}
     bool UseCompressedClassPointers               = true                           {product lp64_product} {ergonomic}
     bool UseCompressedOops                        = true                           {product lp64_product} {ergonomic}
     bool UseG1GC                                  = true                                      {product} {ergonomic}

Logging:
Log output configuration:
 #0: stdout all=warning uptime,level,tags
 #1: stderr all=off uptime,level,tags

Environment Variables:
JAVA_HOME=/home/codespace/.jabba/jdk/temurin@17.0.16
PATH=/home/codespace/.jabba/jdk/temurin@17.0.16/bin:/usr/local/rvm/gems/ruby-3.4.1/bin:/usr/local/rvm/gems/ruby-3.4.1@global/bin:/usr/local/rvm/rubies/ruby-3.4.1/bin:/vscode/bin/linux-x64/ac4cbdf48759c7d8c3eb91ffe6bb04316e263c57/bin/remote-cli:/home/codespace/.local/bin:/home/codespace/.dotnet:/home/codespace/nvm/current/bin:/home/codespace/.php/current/bin:/home/codespace/.python/current/bin:/home/codespace/java/current/bin:/home/codespace/.ruby/current/bin:/home/codespace/.local/bin:/usr/local/python/current/bin:/usr/local/py-utils/bin:/usr/local/jupyter:/usr/local/oryx:/usr/local/go/bin:/go/bin:/usr/local/sdkman/bin:/usr/local/sdkman/candidates/java/current/bin:/usr/local/sdkman/candidates/gradle/current/bin:/usr/local/sdkman/candidates/maven/current/bin:/usr/local/sdkman/candidates/ant/current/bin:/usr/local/rvm/gems/default/bin:/usr/local/rvm/gems/default@global/bin:/usr/local/rvm/rubies/default/bin:/usr/local/share/rbenv/bin:/usr/local/php/current/bin:/opt/conda/bin:/usr/local/nvs:/usr/local/share/nvm/versions/node/v22.21.1/bin:/usr/local/hugo/bin:/usr/local/sbin:/usr/local/bin:/usr/sbin:/usr/bin:/sbin:/bin:/usr/share/dotnet:/home/codespace/.dotnet/tools:/usr/local/rvm/bin
SHELL=/bin/bash
LANG=C.UTF-8
TERM=xterm-256color

Active Locale:
LC_ALL=C
LC_COLLATE=C
LC_CTYPE=C
LC_MESSAGES=C
LC_MONETARY=C
LC_NUMERIC=C
LC_TIME=C

Signal Handlers:
   SIGSEGV: crash_handler in libjvm.so, mask=11100100010111111101111111111110, flags=SA_RESTART|SA_SIGINFO, unblocked
    SIGBUS: crash_handler in libjvm.so, mask=11100100010111111101111111111110, flags=SA_RESTART|SA_SIGINFO, unblocked
    SIGFPE: crash_handler in libjvm.so, mask=11100100010111111101111111111110, flags=SA_RESTART|SA_SIGINFO, unblocked
   SIGPIPE: javaSignalHandler in libjvm.so, mask=11100100010111111101111111111110, flags=SA_RESTART|SA_SIGINFO, blocked
   SIGXFSZ: javaSignalHandler in libjvm.so, mask=11100100010111111101111111111110, flags=SA_RESTART|SA_SIGINFO, blocked
    SIGILL: crash_handler in libjvm.so, mask=11100100010111111101111111111110, flags=SA_RESTART|SA_SIGINFO, unblocked
   SIGUSR2: SR_handler in libjvm.so, mask=00000000000000000000000000000000, flags=SA_RESTART|SA_SIGINFO, blocked
    SIGHUP: SIG_DFL, mask=00000000000000000000000000000000, flags=none, blocked
    SIGINT: SIG_DFL, mask=00000000000000000000000000000000, flags=none, blocked
   SIGTERM: SIG_DFL, mask=00000000000000000000000000000000, flags=none, blocked
   SIGQUIT: UserHandler in libjvm.so, mask=11100100010111111101111111111110, flags=SA_RESTART|SA_SIGINFO, blocked
   SIGTRAP: crash_handler in libjvm.so, mask=11100100010111111101111111111110, flags=SA_RESTART|SA_SIGINFO, unblocked


Periodic native trim disabled


---------------  S Y S T E M  ---------------

OS:
DISTRIB_ID=Ubuntu
DISTRIB_RELEASE=24.04
DISTRIB_CODENAME=noble
DISTRIB_DESCRIPTION="Ubuntu 24.04.3 LTS"
uname: Linux 6.8.0-1030-azure #35~22.04.1-Ubuntu SMP Mon May 26 18:08:30 UTC 2025 x86_64
OS uptime: 0 days 0:04 hours
libc: glibc 2.39 NPTL 2.39 
rlimit (soft/hard): STACK 8192k/infinity , CORE infinity/infinity , NPROC infinity/infinity , NOFILE 1048576/1048576 , AS infinity/infinity , CPU infinity/infinity , DATA infinity/infinity , FSIZE infinity/infinity , MEMLOCK 8192k/8192k
load average: 0.97 0.78 0.36

/proc/meminfo:
MemTotal:       16379888 kB
MemFree:          826772 kB
MemAvailable:   14528172 kB
Buffers:          135336 kB
Cached:         13543852 kB
SwapCached:            0 kB
Active:          2273020 kB
Inactive:       12541516 kB
Active(anon):    1204928 kB
Inactive(anon):        0 kB
Active(file):    1068092 kB
Inactive(file): 12541516 kB
Unevictable:       30928 kB
Mlocked:           27856 kB
SwapTotal:             0 kB
SwapFree:              0 kB
Zswap:                 0 kB
Zswapped:              0 kB
Dirty:              1148 kB
Writeback:             0 kB
AnonPages:       1163352 kB
Mapped:           579328 kB
Shmem:             60324 kB
KReclaimable:     437720 kB
Slab:             555928 kB
SReclaimable:     437720 kB
SUnreclaim:       118208 kB
KernelStack:        8192 kB
PageTables:        20820 kB
SecPageTables:         0 kB
NFS_Unstable:          0 kB
Bounce:                0 kB
WritebackTmp:          0 kB
CommitLimit:     8189944 kB
Committed_AS:    3142864 kB
VmallocTotal:   34359738367 kB
VmallocUsed:       40416 kB
VmallocChunk:          0 kB
Percpu:             2368 kB
HardwareCorrupted:     0 kB
AnonHugePages:    462848 kB
ShmemHugePages:        0 kB
ShmemPmdMapped:        0 kB
FileHugePages:         0 kB
FilePmdMapped:         0 kB
Unaccepted:            0 kB
HugePages_Total:       0
HugePages_Free:        0
HugePages_Rsvd:        0
HugePages_Surp:        0
Hugepagesize:       2048 kB
Hugetlb:               0 kB
DirectMap4k:      161728 kB
DirectMap2M:     5081088 kB
DirectMap1G:    13631488 kB

/sys/kernel/mm/transparent_hugepage/enabled: [always] madvise never
/sys/kernel/mm/transparent_hugepage/hpage_pmd_size: 2097152
/sys/kernel/mm/transparent_hugepage/defrag (defrag/compaction efforts parameter): always defer defer+madvise [madvise] never

Process Memory:
Virtual Size: 1333636K (peak: 18106852K)
Resident Set Size: 19316K (peak: 19316K) (anon: 6516K, file: 12800K, shmem: 0K)
Swapped out: 0K
C-Heap outstanding allocations: 13831K, retained: 536K
glibc malloc tunables: (default)

/proc/sys/kernel/threads-max (system-wide limit on the number of threads): 127908
/proc/sys/vm/max_map_count (maximum number of memory map areas a process may have): 65530
/proc/sys/vm/swappiness (control to define how aggressively the kernel swaps out anonymous memory): 60
/proc/sys/kernel/pid_max (system-wide limit on number of process identifiers): 4194304

container (cgroup) information:
container_type: cgroupv2
cpu_cpuset_cpus: not supported
cpu_memory_nodes: not supported
active_processor_count: 4
cpu_quota: no quota
cpu_period: 100000
cpu_shares: no shares
memory_limit_in_bytes: unlimited
memory_and_swap_limit_in_bytes: unlimited
memory_soft_limit_in_bytes: 0
memory_usage_in_bytes: 2243892 k
memory_max_usage_in_bytes: not supported
memory_swap_current_in_bytes: 0
memory_swap_max_limit_in_bytes: unlimited
maximum number of tasks: unlimited
current number of tasks: 109

Hyper-V virtualization detected
Steal ticks since vm start: 0
Steal ticks percentage since vm start:  0.000

CPU: total 4 (initial active 4) (16 cores per cpu, 2 threads per core) family 25 model 1 stepping 1 microcode 0xffffffff, cx8, cmov, fxsr, ht, mmx, 3dnowpref, sse, sse2, sse3, ssse3, sse4a, sse4.1, sse4.2, popcnt, lzcnt, tsc, tscinvbit, avx, avx2, aes, erms, clmul, bmi1, bmi2, adx, sha, fma, vzeroupper, clflush, clflushopt, hv
CPU Model and flags from /proc/cpuinfo:
model name	: AMD EPYC 7763 64-Core Processor
flags		: fpu vme de pse tsc msr pae mce cx8 apic sep mtrr pge mca cmov pat pse36 clflush mmx fxsr sse sse2 ht syscall nx mmxext fxsr_opt pdpe1gb rdtscp lm constant_tsc rep_good nopl tsc_reliable nonstop_tsc cpuid extd_apicid aperfmperf tsc_known_freq pni pclmulqdq ssse3 fma cx16 pcid sse4_1 sse4_2 movbe popcnt aes xsave avx f16c rdrand hypervisor lahf_lm cmp_legacy svm cr8_legacy abm sse4a misalignsse 3dnowprefetch osvw topoext vmmcall fsgsbase bmi1 avx2 smep bmi2 erms invpcid rdseed adx smap clflushopt clwb sha_ni xsaveopt xsavec xgetbv1 xsaves user_shstk clzero xsaveerptr rdpru arat npt nrip_save tsc_scale vmcb_clean flushbyasid decodeassists pausefilter pfthreshold v_vmsave_vmload umip vaes vpclmulqdq rdpid fsrm

Online cpus: 0-3
Offline cpus: 
BIOS frequency limitation: <Not Available>
Frequency switch latency (ns): <Not Available>
Available cpu frequencies: <Not Available>
Current governor: <Not Available>
Core performance/turbo boost: <Not Available>

Memory: 4k page, physical 16379888k(826772k free), swap 0k(0k free)
Page Sizes: 4k

vm_info: OpenJDK 64-Bit Server VM (17.0.16+8) for linux-amd64 JRE (17.0.16+8), built on Jul 15 2025 00:00:00 by "admin" with gcc 10.3.0

END.
